2017-11-15 02:27:25 [::1][1][-][error][yii\i18n\PhpMessageSource::loadFallbackMessages] The message file for category 'common' does not exist: /language/zh-CN/common.php Fallback file does not exist as well: /language/zh/common.php
    in D:\workspace\HaiMall\frontend\views\layouts\main.php:32
    in D:\workspace\HaiMall\frontend\controllers\SiteController.php:75
2017-11-15 02:27:25 [::1][1][-][info][application] $_COOKIE = [
    '_csrf-frontend' => '5211933ef7e3c3cd46684dc8dadbead5f649c11b44257f659432dcd29ac1fb76a:2:{i:0;s:14:\"_csrf-frontend\";i:1;s:32:\"KWz-MmOkhzMV4-k76tVas95g90HP4ivu\";}'
    'advanced-frontend' => '1vg97ltjq8q0urrf386er9jg76'
    '_identity-frontend' => 'b774407d8da556bb67ddbb43cfa7d1a1e93cc1a9b7fab31aa46680e362311f0fa:2:{i:0;s:18:\"_identity-frontend\";i:1;s:46:\"[1,\"BCpnqd-t3tLRPX8AK1lJ44uaFrmyaxU7\",2592000]\";}'
]

$_SESSION = [
    '__flash' => []
    '__id' => 1
]

$_SERVER = [
    'HTTP_HOST' => 'haimall.com'
    'HTTP_CONNECTION' => 'keep-alive'
    'HTTP_CACHE_CONTROL' => 'max-age=0'
    'HTTP_USER_AGENT' => 'Mozilla/5.0 (Windows NT 6.1; Win64; x64) AppleWebKit/537.36 (KHTML, like Gecko) Chrome/62.0.3202.89 Safari/537.36'
    'HTTP_UPGRADE_INSECURE_REQUESTS' => '1'
    'HTTP_ACCEPT' => 'text/html,application/xhtml+xml,application/xml;q=0.9,image/webp,image/apng,*/*;q=0.8'
    'HTTP_REFERER' => 'http://haimall.com/index.php?r=site%2Flogin'
    'HTTP_ACCEPT_ENCODING' => 'gzip, deflate'
    'HTTP_ACCEPT_LANGUAGE' => 'zh-CN,zh;q=0.9'
    'HTTP_COOKIE' => '_csrf-frontend=5211933ef7e3c3cd46684dc8dadbead5f649c11b44257f659432dcd29ac1fb76a%3A2%3A%7Bi%3A0%3Bs%3A14%3A%22_csrf-frontend%22%3Bi%3A1%3Bs%3A32%3A%22KWz-MmOkhzMV4-k76tVas95g90HP4ivu%22%3B%7D; advanced-frontend=1vg97ltjq8q0urrf386er9jg76; _identity-frontend=b774407d8da556bb67ddbb43cfa7d1a1e93cc1a9b7fab31aa46680e362311f0fa%3A2%3A%7Bi%3A0%3Bs%3A18%3A%22_identity-frontend%22%3Bi%3A1%3Bs%3A46%3A%22%5B1%2C%22BCpnqd-t3tLRPX8AK1lJ44uaFrmyaxU7%22%2C2592000%5D%22%3B%7D'
    'PATH' => 'c:\\windows\\system32;c:\\windows;c:\\windows\\system32\\wbem;c:\\windows\\system32\\windowspowershell\\v1.0\\;D:\\software\\svn\\bin;D:\\software\\nodejs\\;D:\\software\\Git\\cmd;C:\\Program Files\\OpenSSH\\bin;'
    'SystemRoot' => 'C:\\windows'
    'COMSPEC' => 'C:\\windows\\system32\\cmd.exe'
    'PATHEXT' => '.COM;.EXE;.BAT;.CMD;.VBS;.VBE;.JS;.JSE;.WSF;.WSH;.MSC'
    'WINDIR' => 'C:\\windows'
    'SERVER_SIGNATURE' => '<address>Apache/2.4.27 (Win64) PHP/5.6.31 Server at haimall.com Port 80</address>
'
    'SERVER_SOFTWARE' => 'Apache/2.4.27 (Win64) PHP/5.6.31'
    'SERVER_NAME' => 'haimall.com'
    'SERVER_ADDR' => '::1'
    'SERVER_PORT' => '80'
    'REMOTE_ADDR' => '::1'
    'DOCUMENT_ROOT' => 'D:/workspace/HaiMall/frontend/web'
    'REQUEST_SCHEME' => 'http'
    'CONTEXT_PREFIX' => ''
    'CONTEXT_DOCUMENT_ROOT' => 'D:/workspace/HaiMall/frontend/web'
    'SERVER_ADMIN' => 'wampserver@wampserver.invalid'
    'SCRIPT_FILENAME' => 'D:/workspace/HaiMall/frontend/web/index.php'
    'REMOTE_PORT' => '52839'
    'GATEWAY_INTERFACE' => 'CGI/1.1'
    'SERVER_PROTOCOL' => 'HTTP/1.1'
    'REQUEST_METHOD' => 'GET'
    'QUERY_STRING' => ''
    'REQUEST_URI' => '/index.php'
    'SCRIPT_NAME' => '/index.php'
    'PHP_SELF' => '/index.php'
    'REQUEST_TIME_FLOAT' => 1510712845.705
    'REQUEST_TIME' => 1510712845
]
